[2019-03-06T22:05:30.741] [ERROR] cheese - ReferenceError: safeRequest is not defined
    at Index.getData (/Users/baojichao/Desktop/code/book/models/index.js:24:29)
    at /Users/baojichao/Desktop/code/book/controllers/IndexController.js:9:40
    at dispatch (/Users/baojichao/Desktop/code/book/node_modules/_koa-simple-router@0.2.0@koa-simple-router/index.js:186:18)
    at Router._lookup (/Users/baojichao/Desktop/code/book/node_modules/_koa-simple-router@0.2.0@koa-simple-router/index.js:198:12)
    at /Users/baojichao/Desktop/code/book/node_modules/_koa-simple-router@0.2.0@koa-simple-router/index.js:138:21
    at dispatch (/Users/baojichao/Desktop/code/book/node_modules/_koa-compose@4.1.0@koa-compose/index.js:42:32)
    at app.use (/Users/baojichao/Desktop/code/book/middlewares/errorHandler.js:13:19)
    at dispatch (/Users/baojichao/Desktop/code/book/node_modules/_koa-compose@4.1.0@koa-compose/index.js:42:32)
    at app.use (/Users/baojichao/Desktop/code/book/middlewares/errorHandler.js:5:23)
    at dispatch (/Users/baojichao/Desktop/code/book/node_modules/_koa-compose@4.1.0@koa-compose/index.js:42:32)
[2019-03-06T22:05:32.196] [ERROR] cheese - ReferenceError: safeRequest is not defined
    at Index.getData (/Users/baojichao/Desktop/code/book/models/index.js:24:29)
    at /Users/baojichao/Desktop/code/book/controllers/IndexController.js:9:40
    at dispatch (/Users/baojichao/Desktop/code/book/node_modules/_koa-simple-router@0.2.0@koa-simple-router/index.js:186:18)
    at Router._lookup (/Users/baojichao/Desktop/code/book/node_modules/_koa-simple-router@0.2.0@koa-simple-router/index.js:198:12)
    at /Users/baojichao/Desktop/code/book/node_modules/_koa-simple-router@0.2.0@koa-simple-router/index.js:138:21
    at dispatch (/Users/baojichao/Desktop/code/book/node_modules/_koa-compose@4.1.0@koa-compose/index.js:42:32)
    at app.use (/Users/baojichao/Desktop/code/book/middlewares/errorHandler.js:13:19)
    at dispatch (/Users/baojichao/Desktop/code/book/node_modules/_koa-compose@4.1.0@koa-compose/index.js:42:32)
    at app.use (/Users/baojichao/Desktop/code/book/middlewares/errorHandler.js:5:23)
    at dispatch (/Users/baojichao/Desktop/code/book/node_modules/_koa-compose@4.1.0@koa-compose/index.js:42:32)
[2019-03-06T22:05:32.572] [ERROR] cheese - ReferenceError: safeRequest is not defined
    at Index.getData (/Users/baojichao/Desktop/code/book/models/index.js:24:29)
    at /Users/baojichao/Desktop/code/book/controllers/IndexController.js:9:40
    at dispatch (/Users/baojichao/Desktop/code/book/node_modules/_koa-simple-router@0.2.0@koa-simple-router/index.js:186:18)
    at Router._lookup (/Users/baojichao/Desktop/code/book/node_modules/_koa-simple-router@0.2.0@koa-simple-router/index.js:198:12)
    at /Users/baojichao/Desktop/code/book/node_modules/_koa-simple-router@0.2.0@koa-simple-router/index.js:138:21
    at dispatch (/Users/baojichao/Desktop/code/book/node_modules/_koa-compose@4.1.0@koa-compose/index.js:42:32)
    at app.use (/Users/baojichao/Desktop/code/book/middlewares/errorHandler.js:13:19)
    at dispatch (/Users/baojichao/Desktop/code/book/node_modules/_koa-compose@4.1.0@koa-compose/index.js:42:32)
    at app.use (/Users/baojichao/Desktop/code/book/middlewares/errorHandler.js:5:23)
    at dispatch (/Users/baojichao/Desktop/code/book/node_modules/_koa-compose@4.1.0@koa-compose/index.js:42:32)
[2019-03-06T22:05:32.858] [ERROR] cheese - ReferenceError: safeRequest is not defined
    at Index.getData (/Users/baojichao/Desktop/code/book/models/index.js:24:29)
    at /Users/baojichao/Desktop/code/book/controllers/IndexController.js:9:40
    at dispatch (/Users/baojichao/Desktop/code/book/node_modules/_koa-simple-router@0.2.0@koa-simple-router/index.js:186:18)
    at Router._lookup (/Users/baojichao/Desktop/code/book/node_modules/_koa-simple-router@0.2.0@koa-simple-router/index.js:198:12)
    at /Users/baojichao/Desktop/code/book/node_modules/_koa-simple-router@0.2.0@koa-simple-router/index.js:138:21
    at dispatch (/Users/baojichao/Desktop/code/book/node_modules/_koa-compose@4.1.0@koa-compose/index.js:42:32)
    at app.use (/Users/baojichao/Desktop/code/book/middlewares/errorHandler.js:13:19)
    at dispatch (/Users/baojichao/Desktop/code/book/node_modules/_koa-compose@4.1.0@koa-compose/index.js:42:32)
    at app.use (/Users/baojichao/Desktop/code/book/middlewares/errorHandler.js:5:23)
    at dispatch (/Users/baojichao/Desktop/code/book/node_modules/_koa-compose@4.1.0@koa-compose/index.js:42:32)
[2019-03-06T22:05:33.226] [ERROR] cheese - ReferenceError: safeRequest is not defined
    at Index.getData (/Users/baojichao/Desktop/code/book/models/index.js:24:29)
    at /Users/baojichao/Desktop/code/book/controllers/IndexController.js:9:40
    at dispatch (/Users/baojichao/Desktop/code/book/node_modules/_koa-simple-router@0.2.0@koa-simple-router/index.js:186:18)
    at Router._lookup (/Users/baojichao/Desktop/code/book/node_modules/_koa-simple-router@0.2.0@koa-simple-router/index.js:198:12)
    at /Users/baojichao/Desktop/code/book/node_modules/_koa-simple-router@0.2.0@koa-simple-router/index.js:138:21
    at dispatch (/Users/baojichao/Desktop/code/book/node_modules/_koa-compose@4.1.0@koa-compose/index.js:42:32)
    at app.use (/Users/baojichao/Desktop/code/book/middlewares/errorHandler.js:13:19)
    at dispatch (/Users/baojichao/Desktop/code/book/node_modules/_koa-compose@4.1.0@koa-compose/index.js:42:32)
    at app.use (/Users/baojichao/Desktop/code/book/middlewares/errorHandler.js:5:23)
    at dispatch (/Users/baojichao/Desktop/code/book/node_modules/_koa-compose@4.1.0@koa-compose/index.js:42:32)
[2019-03-06T22:05:33.507] [ERROR] cheese - ReferenceError: safeRequest is not defined
    at Index.getData (/Users/baojichao/Desktop/code/book/models/index.js:24:29)
    at /Users/baojichao/Desktop/code/book/controllers/IndexController.js:9:40
    at dispatch (/Users/baojichao/Desktop/code/book/node_modules/_koa-simple-router@0.2.0@koa-simple-router/index.js:186:18)
    at Router._lookup (/Users/baojichao/Desktop/code/book/node_modules/_koa-simple-router@0.2.0@koa-simple-router/index.js:198:12)
    at /Users/baojichao/Desktop/code/book/node_modules/_koa-simple-router@0.2.0@koa-simple-router/index.js:138:21
    at dispatch (/Users/baojichao/Desktop/code/book/node_modules/_koa-compose@4.1.0@koa-compose/index.js:42:32)
    at app.use (/Users/baojichao/Desktop/code/book/middlewares/errorHandler.js:13:19)
    at dispatch (/Users/baojichao/Desktop/code/book/node_modules/_koa-compose@4.1.0@koa-compose/index.js:42:32)
    at app.use (/Users/baojichao/Desktop/code/book/middlewares/errorHandler.js:5:23)
    at dispatch (/Users/baojichao/Desktop/code/book/node_modules/_koa-compose@4.1.0@koa-compose/index.js:42:32)
[2019-03-06T22:05:34.056] [ERROR] cheese - ReferenceError: safeRequest is not defined
    at Index.getData (/Users/baojichao/Desktop/code/book/models/index.js:24:29)
    at /Users/baojichao/Desktop/code/book/controllers/IndexController.js:9:40
    at dispatch (/Users/baojichao/Desktop/code/book/node_modules/_koa-simple-router@0.2.0@koa-simple-router/index.js:186:18)
    at Router._lookup (/Users/baojichao/Desktop/code/book/node_modules/_koa-simple-router@0.2.0@koa-simple-router/index.js:198:12)
    at /Users/baojichao/Desktop/code/book/node_modules/_koa-simple-router@0.2.0@koa-simple-router/index.js:138:21
    at dispatch (/Users/baojichao/Desktop/code/book/node_modules/_koa-compose@4.1.0@koa-compose/index.js:42:32)
    at app.use (/Users/baojichao/Desktop/code/book/middlewares/errorHandler.js:13:19)
    at dispatch (/Users/baojichao/Desktop/code/book/node_modules/_koa-compose@4.1.0@koa-compose/index.js:42:32)
    at app.use (/Users/baojichao/Desktop/code/book/middlewares/errorHandler.js:5:23)
    at dispatch (/Users/baojichao/Desktop/code/book/node_modules/_koa-compose@4.1.0@koa-compose/index.js:42:32)
[2019-03-06T22:05:34.450] [ERROR] cheese - ReferenceError: safeRequest is not defined
    at Index.getData (/Users/baojichao/Desktop/code/book/models/index.js:24:29)
    at /Users/baojichao/Desktop/code/book/controllers/IndexController.js:9:40
    at dispatch (/Users/baojichao/Desktop/code/book/node_modules/_koa-simple-router@0.2.0@koa-simple-router/index.js:186:18)
    at Router._lookup (/Users/baojichao/Desktop/code/book/node_modules/_koa-simple-router@0.2.0@koa-simple-router/index.js:198:12)
    at /Users/baojichao/Desktop/code/book/node_modules/_koa-simple-router@0.2.0@koa-simple-router/index.js:138:21
    at dispatch (/Users/baojichao/Desktop/code/book/node_modules/_koa-compose@4.1.0@koa-compose/index.js:42:32)
    at app.use (/Users/baojichao/Desktop/code/book/middlewares/errorHandler.js:13:19)
    at dispatch (/Users/baojichao/Desktop/code/book/node_modules/_koa-compose@4.1.0@koa-compose/index.js:42:32)
    at app.use (/Users/baojichao/Desktop/code/book/middlewares/errorHandler.js:5:23)
    at dispatch (/Users/baojichao/Desktop/code/book/node_modules/_koa-compose@4.1.0@koa-compose/index.js:42:32)
[2019-03-06T22:05:35.717] [ERROR] cheese - ReferenceError: safeRequest is not defined
    at Index.getData (/Users/baojichao/Desktop/code/book/models/index.js:24:29)
    at /Users/baojichao/Desktop/code/book/controllers/IndexController.js:9:40
    at dispatch (/Users/baojichao/Desktop/code/book/node_modules/_koa-simple-router@0.2.0@koa-simple-router/index.js:186:18)
    at Router._lookup (/Users/baojichao/Desktop/code/book/node_modules/_koa-simple-router@0.2.0@koa-simple-router/index.js:198:12)
    at /Users/baojichao/Desktop/code/book/node_modules/_koa-simple-router@0.2.0@koa-simple-router/index.js:138:21
    at dispatch (/Users/baojichao/Desktop/code/book/node_modules/_koa-compose@4.1.0@koa-compose/index.js:42:32)
    at app.use (/Users/baojichao/Desktop/code/book/middlewares/errorHandler.js:13:19)
    at dispatch (/Users/baojichao/Desktop/code/book/node_modules/_koa-compose@4.1.0@koa-compose/index.js:42:32)
    at app.use (/Users/baojichao/Desktop/code/book/middlewares/errorHandler.js:5:23)
    at dispatch (/Users/baojichao/Desktop/code/book/node_modules/_koa-compose@4.1.0@koa-compose/index.js:42:32)
[2019-03-06T22:05:36.205] [ERROR] cheese - ReferenceError: safeRequest is not defined
    at Index.getData (/Users/baojichao/Desktop/code/book/models/index.js:24:29)
    at /Users/baojichao/Desktop/code/book/controllers/IndexController.js:9:40
    at dispatch (/Users/baojichao/Desktop/code/book/node_modules/_koa-simple-router@0.2.0@koa-simple-router/index.js:186:18)
    at Router._lookup (/Users/baojichao/Desktop/code/book/node_modules/_koa-simple-router@0.2.0@koa-simple-router/index.js:198:12)
    at /Users/baojichao/Desktop/code/book/node_modules/_koa-simple-router@0.2.0@koa-simple-router/index.js:138:21
    at dispatch (/Users/baojichao/Desktop/code/book/node_modules/_koa-compose@4.1.0@koa-compose/index.js:42:32)
    at app.use (/Users/baojichao/Desktop/code/book/middlewares/errorHandler.js:13:19)
    at dispatch (/Users/baojichao/Desktop/code/book/node_modules/_koa-compose@4.1.0@koa-compose/index.js:42:32)
    at app.use (/Users/baojichao/Desktop/code/book/middlewares/errorHandler.js:5:23)
    at dispatch (/Users/baojichao/Desktop/code/book/node_modules/_koa-compose@4.1.0@koa-compose/index.js:42:32)
[2019-03-06T22:05:36.422] [ERROR] cheese - ReferenceError: safeRequest is not defined
    at Index.getData (/Users/baojichao/Desktop/code/book/models/index.js:24:29)
    at /Users/baojichao/Desktop/code/book/controllers/IndexController.js:9:40
    at dispatch (/Users/baojichao/Desktop/code/book/node_modules/_koa-simple-router@0.2.0@koa-simple-router/index.js:186:18)
    at Router._lookup (/Users/baojichao/Desktop/code/book/node_modules/_koa-simple-router@0.2.0@koa-simple-router/index.js:198:12)
    at /Users/baojichao/Desktop/code/book/node_modules/_koa-simple-router@0.2.0@koa-simple-router/index.js:138:21
    at dispatch (/Users/baojichao/Desktop/code/book/node_modules/_koa-compose@4.1.0@koa-compose/index.js:42:32)
    at app.use (/Users/baojichao/Desktop/code/book/middlewares/errorHandler.js:13:19)
    at dispatch (/Users/baojichao/Desktop/code/book/node_modules/_koa-compose@4.1.0@koa-compose/index.js:42:32)
    at app.use (/Users/baojichao/Desktop/code/book/middlewares/errorHandler.js:5:23)
    at dispatch (/Users/baojichao/Desktop/code/book/node_modules/_koa-compose@4.1.0@koa-compose/index.js:42:32)
[2019-03-06T22:09:51.326] [ERROR] cheese - Error: Unexpected end of tag " for" on line 5 in file /Users/baojichao/Desktop/code/book/widgets/news/list.html.
    at Object.exports.throwError (/Users/baojichao/Desktop/code/book/node_modules/_swig-templates@2.0.3@swig-templates/lib/utils.js:188:9)
    at parseTag (/Users/baojichao/Desktop/code/book/node_modules/_swig-templates@2.0.3@swig-templates/lib/parser.js:659:15)
    at /Users/baojichao/Desktop/code/book/node_modules/_swig-templates@2.0.3@swig-templates/lib/parser.js:778:15
    at Object.exports.each (/Users/baojichao/Desktop/code/book/node_modules/_swig-templates@2.0.3@swig-templates/lib/utils.js:45:11)
    at Object.exports.parse (/Users/baojichao/Desktop/code/book/node_modules/_swig-templates@2.0.3@swig-templates/lib/parser.js:755:9)
    at exports.Swig.parse (/Users/baojichao/Desktop/code/book/node_modules/_swig-templates@2.0.3@swig-templates/lib/swig.js:383:19)
    at exports.Swig.precompile (/Users/baojichao/Desktop/code/book/node_modules/_swig-templates@2.0.3@swig-templates/lib/swig.js:526:23)
    at exports.Swig.compile (/Users/baojichao/Desktop/code/book/node_modules/_swig-templates@2.0.3@swig-templates/lib/swig.js:651:16)
    at exports.Swig.compileFile (/Users/baojichao/Desktop/code/book/node_modules/_swig-templates@2.0.3@swig-templates/lib/swig.js:741:17)
    at Object.eval [as tpl] (eval at precompile (/Users/baojichao/Desktop/code/book/node_modules/_swig-templates@2.0.3@swig-templates/lib/swig.js:537:13), <anonymous>:11:18)
[2019-03-06T22:12:32.632] [ERROR] cheese - Error: Unexpected end of tag " for" on line 5 in file /Users/baojichao/Desktop/code/book/widgets/news/list.html.
    at Object.exports.throwError (/Users/baojichao/Desktop/code/book/node_modules/_swig-templates@2.0.3@swig-templates/lib/utils.js:188:9)
    at parseTag (/Users/baojichao/Desktop/code/book/node_modules/_swig-templates@2.0.3@swig-templates/lib/parser.js:659:15)
    at /Users/baojichao/Desktop/code/book/node_modules/_swig-templates@2.0.3@swig-templates/lib/parser.js:778:15
    at Object.exports.each (/Users/baojichao/Desktop/code/book/node_modules/_swig-templates@2.0.3@swig-templates/lib/utils.js:45:11)
    at Object.exports.parse (/Users/baojichao/Desktop/code/book/node_modules/_swig-templates@2.0.3@swig-templates/lib/parser.js:755:9)
    at exports.Swig.parse (/Users/baojichao/Desktop/code/book/node_modules/_swig-templates@2.0.3@swig-templates/lib/swig.js:383:19)
    at exports.Swig.precompile (/Users/baojichao/Desktop/code/book/node_modules/_swig-templates@2.0.3@swig-templates/lib/swig.js:526:23)
    at exports.Swig.compile (/Users/baojichao/Desktop/code/book/node_modules/_swig-templates@2.0.3@swig-templates/lib/swig.js:651:16)
    at exports.Swig.compileFile (/Users/baojichao/Desktop/code/book/node_modules/_swig-templates@2.0.3@swig-templates/lib/swig.js:741:17)
    at Object.eval [as tpl] (eval at precompile (/Users/baojichao/Desktop/code/book/node_modules/_swig-templates@2.0.3@swig-templates/lib/swig.js:537:13), <anonymous>:11:18)
[2019-03-06T22:12:33.619] [ERROR] cheese - Error: Unexpected end of tag " for" on line 5 in file /Users/baojichao/Desktop/code/book/widgets/news/list.html.
    at Object.exports.throwError (/Users/baojichao/Desktop/code/book/node_modules/_swig-templates@2.0.3@swig-templates/lib/utils.js:188:9)
    at parseTag (/Users/baojichao/Desktop/code/book/node_modules/_swig-templates@2.0.3@swig-templates/lib/parser.js:659:15)
    at /Users/baojichao/Desktop/code/book/node_modules/_swig-templates@2.0.3@swig-templates/lib/parser.js:778:15
    at Object.exports.each (/Users/baojichao/Desktop/code/book/node_modules/_swig-templates@2.0.3@swig-templates/lib/utils.js:45:11)
    at Object.exports.parse (/Users/baojichao/Desktop/code/book/node_modules/_swig-templates@2.0.3@swig-templates/lib/parser.js:755:9)
    at exports.Swig.parse (/Users/baojichao/Desktop/code/book/node_modules/_swig-templates@2.0.3@swig-templates/lib/swig.js:383:19)
    at exports.Swig.precompile (/Users/baojichao/Desktop/code/book/node_modules/_swig-templates@2.0.3@swig-templates/lib/swig.js:526:23)
    at exports.Swig.compile (/Users/baojichao/Desktop/code/book/node_modules/_swig-templates@2.0.3@swig-templates/lib/swig.js:651:16)
    at exports.Swig.compileFile (/Users/baojichao/Desktop/code/book/node_modules/_swig-templates@2.0.3@swig-templates/lib/swig.js:741:17)
    at Object.eval [as tpl] (eval at precompile (/Users/baojichao/Desktop/code/book/node_modules/_swig-templates@2.0.3@swig-templates/lib/swig.js:537:13), <anonymous>:11:18)
[2019-03-06T22:12:34.419] [ERROR] cheese - Error: Unexpected end of tag " for" on line 5 in file /Users/baojichao/Desktop/code/book/widgets/news/list.html.
    at Object.exports.throwError (/Users/baojichao/Desktop/code/book/node_modules/_swig-templates@2.0.3@swig-templates/lib/utils.js:188:9)
    at parseTag (/Users/baojichao/Desktop/code/book/node_modules/_swig-templates@2.0.3@swig-templates/lib/parser.js:659:15)
    at /Users/baojichao/Desktop/code/book/node_modules/_swig-templates@2.0.3@swig-templates/lib/parser.js:778:15
    at Object.exports.each (/Users/baojichao/Desktop/code/book/node_modules/_swig-templates@2.0.3@swig-templates/lib/utils.js:45:11)
    at Object.exports.parse (/Users/baojichao/Desktop/code/book/node_modules/_swig-templates@2.0.3@swig-templates/lib/parser.js:755:9)
    at exports.Swig.parse (/Users/baojichao/Desktop/code/book/node_modules/_swig-templates@2.0.3@swig-templates/lib/swig.js:383:19)
    at exports.Swig.precompile (/Users/baojichao/Desktop/code/book/node_modules/_swig-templates@2.0.3@swig-templates/lib/swig.js:526:23)
    at exports.Swig.compile (/Users/baojichao/Desktop/code/book/node_modules/_swig-templates@2.0.3@swig-templates/lib/swig.js:651:16)
    at exports.Swig.compileFile (/Users/baojichao/Desktop/code/book/node_modules/_swig-templates@2.0.3@swig-templates/lib/swig.js:741:17)
    at Object.eval [as tpl] (eval at precompile (/Users/baojichao/Desktop/code/book/node_modules/_swig-templates@2.0.3@swig-templates/lib/swig.js:537:13), <anonymous>:11:18)
[2019-03-06T22:12:34.765] [ERROR] cheese - Error: Unexpected end of tag " for" on line 5 in file /Users/baojichao/Desktop/code/book/widgets/news/list.html.
    at Object.exports.throwError (/Users/baojichao/Desktop/code/book/node_modules/_swig-templates@2.0.3@swig-templates/lib/utils.js:188:9)
    at parseTag (/Users/baojichao/Desktop/code/book/node_modules/_swig-templates@2.0.3@swig-templates/lib/parser.js:659:15)
    at /Users/baojichao/Desktop/code/book/node_modules/_swig-templates@2.0.3@swig-templates/lib/parser.js:778:15
    at Object.exports.each (/Users/baojichao/Desktop/code/book/node_modules/_swig-templates@2.0.3@swig-templates/lib/utils.js:45:11)
    at Object.exports.parse (/Users/baojichao/Desktop/code/book/node_modules/_swig-templates@2.0.3@swig-templates/lib/parser.js:755:9)
    at exports.Swig.parse (/Users/baojichao/Desktop/code/book/node_modules/_swig-templates@2.0.3@swig-templates/lib/swig.js:383:19)
    at exports.Swig.precompile (/Users/baojichao/Desktop/code/book/node_modules/_swig-templates@2.0.3@swig-templates/lib/swig.js:526:23)
    at exports.Swig.compile (/Users/baojichao/Desktop/code/book/node_modules/_swig-templates@2.0.3@swig-templates/lib/swig.js:651:16)
    at exports.Swig.compileFile (/Users/baojichao/Desktop/code/book/node_modules/_swig-templates@2.0.3@swig-templates/lib/swig.js:741:17)
    at Object.eval [as tpl] (eval at precompile (/Users/baojichao/Desktop/code/book/node_modules/_swig-templates@2.0.3@swig-templates/lib/swig.js:537:13), <anonymous>:11:18)
[2019-03-06T22:12:35.024] [ERROR] cheese - Error: Unexpected end of tag " for" on line 5 in file /Users/baojichao/Desktop/code/book/widgets/news/list.html.
    at Object.exports.throwError (/Users/baojichao/Desktop/code/book/node_modules/_swig-templates@2.0.3@swig-templates/lib/utils.js:188:9)
    at parseTag (/Users/baojichao/Desktop/code/book/node_modules/_swig-templates@2.0.3@swig-templates/lib/parser.js:659:15)
    at /Users/baojichao/Desktop/code/book/node_modules/_swig-templates@2.0.3@swig-templates/lib/parser.js:778:15
    at Object.exports.each (/Users/baojichao/Desktop/code/book/node_modules/_swig-templates@2.0.3@swig-templates/lib/utils.js:45:11)
    at Object.exports.parse (/Users/baojichao/Desktop/code/book/node_modules/_swig-templates@2.0.3@swig-templates/lib/parser.js:755:9)
    at exports.Swig.parse (/Users/baojichao/Desktop/code/book/node_modules/_swig-templates@2.0.3@swig-templates/lib/swig.js:383:19)
    at exports.Swig.precompile (/Users/baojichao/Desktop/code/book/node_modules/_swig-templates@2.0.3@swig-templates/lib/swig.js:526:23)
    at exports.Swig.compile (/Users/baojichao/Desktop/code/book/node_modules/_swig-templates@2.0.3@swig-templates/lib/swig.js:651:16)
    at exports.Swig.compileFile (/Users/baojichao/Desktop/code/book/node_modules/_swig-templates@2.0.3@swig-templates/lib/swig.js:741:17)
    at Object.eval [as tpl] (eval at precompile (/Users/baojichao/Desktop/code/book/node_modules/_swig-templates@2.0.3@swig-templates/lib/swig.js:537:13), <anonymous>:11:18)
[2019-03-06T22:12:39.637] [ERROR] cheese - Error: Unexpected end of tag " for" on line 5 in file /Users/baojichao/Desktop/code/book/widgets/news/list.html.
    at Object.exports.throwError (/Users/baojichao/Desktop/code/book/node_modules/_swig-templates@2.0.3@swig-templates/lib/utils.js:188:9)
    at parseTag (/Users/baojichao/Desktop/code/book/node_modules/_swig-templates@2.0.3@swig-templates/lib/parser.js:659:15)
    at /Users/baojichao/Desktop/code/book/node_modules/_swig-templates@2.0.3@swig-templates/lib/parser.js:778:15
    at Object.exports.each (/Users/baojichao/Desktop/code/book/node_modules/_swig-templates@2.0.3@swig-templates/lib/utils.js:45:11)
    at Object.exports.parse (/Users/baojichao/Desktop/code/book/node_modules/_swig-templates@2.0.3@swig-templates/lib/parser.js:755:9)
    at exports.Swig.parse (/Users/baojichao/Desktop/code/book/node_modules/_swig-templates@2.0.3@swig-templates/lib/swig.js:383:19)
    at exports.Swig.precompile (/Users/baojichao/Desktop/code/book/node_modules/_swig-templates@2.0.3@swig-templates/lib/swig.js:526:23)
    at exports.Swig.compile (/Users/baojichao/Desktop/code/book/node_modules/_swig-templates@2.0.3@swig-templates/lib/swig.js:651:16)
    at exports.Swig.compileFile (/Users/baojichao/Desktop/code/book/node_modules/_swig-templates@2.0.3@swig-templates/lib/swig.js:741:17)
    at Object.eval [as tpl] (eval at precompile (/Users/baojichao/Desktop/code/book/node_modules/_swig-templates@2.0.3@swig-templates/lib/swig.js:537:13), <anonymous>:11:18)
[2019-03-06T22:13:23.111] [ERROR] cheese - Error: Unexpected end of tag " for" on line 5 in file /Users/baojichao/Desktop/code/book/widgets/news/list.html.
    at Object.exports.throwError (/Users/baojichao/Desktop/code/book/node_modules/_swig-templates@2.0.3@swig-templates/lib/utils.js:188:9)
    at parseTag (/Users/baojichao/Desktop/code/book/node_modules/_swig-templates@2.0.3@swig-templates/lib/parser.js:659:15)
    at /Users/baojichao/Desktop/code/book/node_modules/_swig-templates@2.0.3@swig-templates/lib/parser.js:778:15
    at Object.exports.each (/Users/baojichao/Desktop/code/book/node_modules/_swig-templates@2.0.3@swig-templates/lib/utils.js:45:11)
    at Object.exports.parse (/Users/baojichao/Desktop/code/book/node_modules/_swig-templates@2.0.3@swig-templates/lib/parser.js:755:9)
    at exports.Swig.parse (/Users/baojichao/Desktop/code/book/node_modules/_swig-templates@2.0.3@swig-templates/lib/swig.js:383:19)
    at exports.Swig.precompile (/Users/baojichao/Desktop/code/book/node_modules/_swig-templates@2.0.3@swig-templates/lib/swig.js:526:23)
    at exports.Swig.compile (/Users/baojichao/Desktop/code/book/node_modules/_swig-templates@2.0.3@swig-templates/lib/swig.js:651:16)
    at exports.Swig.compileFile (/Users/baojichao/Desktop/code/book/node_modules/_swig-templates@2.0.3@swig-templates/lib/swig.js:741:17)
    at Object.eval [as tpl] (eval at precompile (/Users/baojichao/Desktop/code/book/node_modules/_swig-templates@2.0.3@swig-templates/lib/swig.js:537:13), <anonymous>:11:18)
[2019-03-06T22:13:24.292] [ERROR] cheese - Error: Unexpected end of tag " for" on line 5 in file /Users/baojichao/Desktop/code/book/widgets/news/list.html.
    at Object.exports.throwError (/Users/baojichao/Desktop/code/book/node_modules/_swig-templates@2.0.3@swig-templates/lib/utils.js:188:9)
    at parseTag (/Users/baojichao/Desktop/code/book/node_modules/_swig-templates@2.0.3@swig-templates/lib/parser.js:659:15)
    at /Users/baojichao/Desktop/code/book/node_modules/_swig-templates@2.0.3@swig-templates/lib/parser.js:778:15
    at Object.exports.each (/Users/baojichao/Desktop/code/book/node_modules/_swig-templates@2.0.3@swig-templates/lib/utils.js:45:11)
    at Object.exports.parse (/Users/baojichao/Desktop/code/book/node_modules/_swig-templates@2.0.3@swig-templates/lib/parser.js:755:9)
    at exports.Swig.parse (/Users/baojichao/Desktop/code/book/node_modules/_swig-templates@2.0.3@swig-templates/lib/swig.js:383:19)
    at exports.Swig.precompile (/Users/baojichao/Desktop/code/book/node_modules/_swig-templates@2.0.3@swig-templates/lib/swig.js:526:23)
    at exports.Swig.compile (/Users/baojichao/Desktop/code/book/node_modules/_swig-templates@2.0.3@swig-templates/lib/swig.js:651:16)
    at exports.Swig.compileFile (/Users/baojichao/Desktop/code/book/node_modules/_swig-templates@2.0.3@swig-templates/lib/swig.js:741:17)
    at Object.eval [as tpl] (eval at precompile (/Users/baojichao/Desktop/code/book/node_modules/_swig-templates@2.0.3@swig-templates/lib/swig.js:537:13), <anonymous>:11:18)
[2019-03-06T22:13:25.275] [ERROR] cheese - Error: Unexpected end of tag " for" on line 5 in file /Users/baojichao/Desktop/code/book/widgets/news/list.html.
    at Object.exports.throwError (/Users/baojichao/Desktop/code/book/node_modules/_swig-templates@2.0.3@swig-templates/lib/utils.js:188:9)
    at parseTag (/Users/baojichao/Desktop/code/book/node_modules/_swig-templates@2.0.3@swig-templates/lib/parser.js:659:15)
    at /Users/baojichao/Desktop/code/book/node_modules/_swig-templates@2.0.3@swig-templates/lib/parser.js:778:15
    at Object.exports.each (/Users/baojichao/Desktop/code/book/node_modules/_swig-templates@2.0.3@swig-templates/lib/utils.js:45:11)
    at Object.exports.parse (/Users/baojichao/Desktop/code/book/node_modules/_swig-templates@2.0.3@swig-templates/lib/parser.js:755:9)
    at exports.Swig.parse (/Users/baojichao/Desktop/code/book/node_modules/_swig-templates@2.0.3@swig-templates/lib/swig.js:383:19)
    at exports.Swig.precompile (/Users/baojichao/Desktop/code/book/node_modules/_swig-templates@2.0.3@swig-templates/lib/swig.js:526:23)
    at exports.Swig.compile (/Users/baojichao/Desktop/code/book/node_modules/_swig-templates@2.0.3@swig-templates/lib/swig.js:651:16)
    at exports.Swig.compileFile (/Users/baojichao/Desktop/code/book/node_modules/_swig-templates@2.0.3@swig-templates/lib/swig.js:741:17)
    at Object.eval [as tpl] (eval at precompile (/Users/baojichao/Desktop/code/book/node_modules/_swig-templates@2.0.3@swig-templates/lib/swig.js:537:13), <anonymous>:11:18)
[2019-03-06T22:13:50.942] [ERROR] cheese - Error: Unexpected end of tag " for" on line 5 in file /Users/baojichao/Desktop/code/book/widgets/news/list.html.
    at Object.exports.throwError (/Users/baojichao/Desktop/code/book/node_modules/_swig-templates@2.0.3@swig-templates/lib/utils.js:188:9)
    at parseTag (/Users/baojichao/Desktop/code/book/node_modules/_swig-templates@2.0.3@swig-templates/lib/parser.js:659:15)
    at /Users/baojichao/Desktop/code/book/node_modules/_swig-templates@2.0.3@swig-templates/lib/parser.js:778:15
    at Object.exports.each (/Users/baojichao/Desktop/code/book/node_modules/_swig-templates@2.0.3@swig-templates/lib/utils.js:45:11)
    at Object.exports.parse (/Users/baojichao/Desktop/code/book/node_modules/_swig-templates@2.0.3@swig-templates/lib/parser.js:755:9)
    at exports.Swig.parse (/Users/baojichao/Desktop/code/book/node_modules/_swig-templates@2.0.3@swig-templates/lib/swig.js:383:19)
    at exports.Swig.precompile (/Users/baojichao/Desktop/code/book/node_modules/_swig-templates@2.0.3@swig-templates/lib/swig.js:526:23)
    at exports.Swig.compile (/Users/baojichao/Desktop/code/book/node_modules/_swig-templates@2.0.3@swig-templates/lib/swig.js:651:16)
    at exports.Swig.compileFile (/Users/baojichao/Desktop/code/book/node_modules/_swig-templates@2.0.3@swig-templates/lib/swig.js:741:17)
    at Object.eval [as tpl] (eval at precompile (/Users/baojichao/Desktop/code/book/node_modules/_swig-templates@2.0.3@swig-templates/lib/swig.js:537:13), <anonymous>:11:18)
[2019-03-06T22:13:51.665] [ERROR] cheese - Error: Unexpected end of tag " for" on line 5 in file /Users/baojichao/Desktop/code/book/widgets/news/list.html.
    at Object.exports.throwError (/Users/baojichao/Desktop/code/book/node_modules/_swig-templates@2.0.3@swig-templates/lib/utils.js:188:9)
    at parseTag (/Users/baojichao/Desktop/code/book/node_modules/_swig-templates@2.0.3@swig-templates/lib/parser.js:659:15)
    at /Users/baojichao/Desktop/code/book/node_modules/_swig-templates@2.0.3@swig-templates/lib/parser.js:778:15
    at Object.exports.each (/Users/baojichao/Desktop/code/book/node_modules/_swig-templates@2.0.3@swig-templates/lib/utils.js:45:11)
    at Object.exports.parse (/Users/baojichao/Desktop/code/book/node_modules/_swig-templates@2.0.3@swig-templates/lib/parser.js:755:9)
    at exports.Swig.parse (/Users/baojichao/Desktop/code/book/node_modules/_swig-templates@2.0.3@swig-templates/lib/swig.js:383:19)
    at exports.Swig.precompile (/Users/baojichao/Desktop/code/book/node_modules/_swig-templates@2.0.3@swig-templates/lib/swig.js:526:23)
    at exports.Swig.compile (/Users/baojichao/Desktop/code/book/node_modules/_swig-templates@2.0.3@swig-templates/lib/swig.js:651:16)
    at exports.Swig.compileFile (/Users/baojichao/Desktop/code/book/node_modules/_swig-templates@2.0.3@swig-templates/lib/swig.js:741:17)
    at Object.eval [as tpl] (eval at precompile (/Users/baojichao/Desktop/code/book/node_modules/_swig-templates@2.0.3@swig-templates/lib/swig.js:537:13), <anonymous>:11:18)
[2019-03-06T22:13:51.897] [ERROR] cheese - Error: Unexpected end of tag " for" on line 5 in file /Users/baojichao/Desktop/code/book/widgets/news/list.html.
    at Object.exports.throwError (/Users/baojichao/Desktop/code/book/node_modules/_swig-templates@2.0.3@swig-templates/lib/utils.js:188:9)
    at parseTag (/Users/baojichao/Desktop/code/book/node_modules/_swig-templates@2.0.3@swig-templates/lib/parser.js:659:15)
    at /Users/baojichao/Desktop/code/book/node_modules/_swig-templates@2.0.3@swig-templates/lib/parser.js:778:15
    at Object.exports.each (/Users/baojichao/Desktop/code/book/node_modules/_swig-templates@2.0.3@swig-templates/lib/utils.js:45:11)
    at Object.exports.parse (/Users/baojichao/Desktop/code/book/node_modules/_swig-templates@2.0.3@swig-templates/lib/parser.js:755:9)
    at exports.Swig.parse (/Users/baojichao/Desktop/code/book/node_modules/_swig-templates@2.0.3@swig-templates/lib/swig.js:383:19)
    at exports.Swig.precompile (/Users/baojichao/Desktop/code/book/node_modules/_swig-templates@2.0.3@swig-templates/lib/swig.js:526:23)
    at exports.Swig.compile (/Users/baojichao/Desktop/code/book/node_modules/_swig-templates@2.0.3@swig-templates/lib/swig.js:651:16)
    at exports.Swig.compileFile (/Users/baojichao/Desktop/code/book/node_modules/_swig-templates@2.0.3@swig-templates/lib/swig.js:741:17)
    at Object.eval [as tpl] (eval at precompile (/Users/baojichao/Desktop/code/book/node_modules/_swig-templates@2.0.3@swig-templates/lib/swig.js:537:13), <anonymous>:11:18)
[2019-03-06T22:13:52.095] [ERROR] cheese - Error: Unexpected end of tag " for" on line 5 in file /Users/baojichao/Desktop/code/book/widgets/news/list.html.
    at Object.exports.throwError (/Users/baojichao/Desktop/code/book/node_modules/_swig-templates@2.0.3@swig-templates/lib/utils.js:188:9)
    at parseTag (/Users/baojichao/Desktop/code/book/node_modules/_swig-templates@2.0.3@swig-templates/lib/parser.js:659:15)
    at /Users/baojichao/Desktop/code/book/node_modules/_swig-templates@2.0.3@swig-templates/lib/parser.js:778:15
    at Object.exports.each (/Users/baojichao/Desktop/code/book/node_modules/_swig-templates@2.0.3@swig-templates/lib/utils.js:45:11)
    at Object.exports.parse (/Users/baojichao/Desktop/code/book/node_modules/_swig-templates@2.0.3@swig-templates/lib/parser.js:755:9)
    at exports.Swig.parse (/Users/baojichao/Desktop/code/book/node_modules/_swig-templates@2.0.3@swig-templates/lib/swig.js:383:19)
    at exports.Swig.precompile (/Users/baojichao/Desktop/code/book/node_modules/_swig-templates@2.0.3@swig-templates/lib/swig.js:526:23)
    at exports.Swig.compile (/Users/baojichao/Desktop/code/book/node_modules/_swig-templates@2.0.3@swig-templates/lib/swig.js:651:16)
    at exports.Swig.compileFile (/Users/baojichao/Desktop/code/book/node_modules/_swig-templates@2.0.3@swig-templates/lib/swig.js:741:17)
    at Object.eval [as tpl] (eval at precompile (/Users/baojichao/Desktop/code/book/node_modules/_swig-templates@2.0.3@swig-templates/lib/swig.js:537:13), <anonymous>:11:18)
[2019-03-06T22:13:52.283] [ERROR] cheese - Error: Unexpected end of tag " for" on line 5 in file /Users/baojichao/Desktop/code/book/widgets/news/list.html.
    at Object.exports.throwError (/Users/baojichao/Desktop/code/book/node_modules/_swig-templates@2.0.3@swig-templates/lib/utils.js:188:9)
    at parseTag (/Users/baojichao/Desktop/code/book/node_modules/_swig-templates@2.0.3@swig-templates/lib/parser.js:659:15)
    at /Users/baojichao/Desktop/code/book/node_modules/_swig-templates@2.0.3@swig-templates/lib/parser.js:778:15
    at Object.exports.each (/Users/baojichao/Desktop/code/book/node_modules/_swig-templates@2.0.3@swig-templates/lib/utils.js:45:11)
    at Object.exports.parse (/Users/baojichao/Desktop/code/book/node_modules/_swig-templates@2.0.3@swig-templates/lib/parser.js:755:9)
    at exports.Swig.parse (/Users/baojichao/Desktop/code/book/node_modules/_swig-templates@2.0.3@swig-templates/lib/swig.js:383:19)
    at exports.Swig.precompile (/Users/baojichao/Desktop/code/book/node_modules/_swig-templates@2.0.3@swig-templates/lib/swig.js:526:23)
    at exports.Swig.compile (/Users/baojichao/Desktop/code/book/node_modules/_swig-templates@2.0.3@swig-templates/lib/swig.js:651:16)
    at exports.Swig.compileFile (/Users/baojichao/Desktop/code/book/node_modules/_swig-templates@2.0.3@swig-templates/lib/swig.js:741:17)
    at Object.eval [as tpl] (eval at precompile (/Users/baojichao/Desktop/code/book/node_modules/_swig-templates@2.0.3@swig-templates/lib/swig.js:537:13), <anonymous>:11:18)
[2019-03-06T22:13:52.483] [ERROR] cheese - Error: Unexpected end of tag " for" on line 5 in file /Users/baojichao/Desktop/code/book/widgets/news/list.html.
    at Object.exports.throwError (/Users/baojichao/Desktop/code/book/node_modules/_swig-templates@2.0.3@swig-templates/lib/utils.js:188:9)
    at parseTag (/Users/baojichao/Desktop/code/book/node_modules/_swig-templates@2.0.3@swig-templates/lib/parser.js:659:15)
    at /Users/baojichao/Desktop/code/book/node_modules/_swig-templates@2.0.3@swig-templates/lib/parser.js:778:15
    at Object.exports.each (/Users/baojichao/Desktop/code/book/node_modules/_swig-templates@2.0.3@swig-templates/lib/utils.js:45:11)
    at Object.exports.parse (/Users/baojichao/Desktop/code/book/node_modules/_swig-templates@2.0.3@swig-templates/lib/parser.js:755:9)
    at exports.Swig.parse (/Users/baojichao/Desktop/code/book/node_modules/_swig-templates@2.0.3@swig-templates/lib/swig.js:383:19)
    at exports.Swig.precompile (/Users/baojichao/Desktop/code/book/node_modules/_swig-templates@2.0.3@swig-templates/lib/swig.js:526:23)
    at exports.Swig.compile (/Users/baojichao/Desktop/code/book/node_modules/_swig-templates@2.0.3@swig-templates/lib/swig.js:651:16)
    at exports.Swig.compileFile (/Users/baojichao/Desktop/code/book/node_modules/_swig-templates@2.0.3@swig-templates/lib/swig.js:741:17)
    at Object.eval [as tpl] (eval at precompile (/Users/baojichao/Desktop/code/book/node_modules/_swig-templates@2.0.3@swig-templates/lib/swig.js:537:13), <anonymous>:11:18)
[2019-03-06T22:13:52.681] [ERROR] cheese - Error: Unexpected end of tag " for" on line 5 in file /Users/baojichao/Desktop/code/book/widgets/news/list.html.
    at Object.exports.throwError (/Users/baojichao/Desktop/code/book/node_modules/_swig-templates@2.0.3@swig-templates/lib/utils.js:188:9)
    at parseTag (/Users/baojichao/Desktop/code/book/node_modules/_swig-templates@2.0.3@swig-templates/lib/parser.js:659:15)
    at /Users/baojichao/Desktop/code/book/node_modules/_swig-templates@2.0.3@swig-templates/lib/parser.js:778:15
    at Object.exports.each (/Users/baojichao/Desktop/code/book/node_modules/_swig-templates@2.0.3@swig-templates/lib/utils.js:45:11)
    at Object.exports.parse (/Users/baojichao/Desktop/code/book/node_modules/_swig-templates@2.0.3@swig-templates/lib/parser.js:755:9)
    at exports.Swig.parse (/Users/baojichao/Desktop/code/book/node_modules/_swig-templates@2.0.3@swig-templates/lib/swig.js:383:19)
    at exports.Swig.precompile (/Users/baojichao/Desktop/code/book/node_modules/_swig-templates@2.0.3@swig-templates/lib/swig.js:526:23)
    at exports.Swig.compile (/Users/baojichao/Desktop/code/book/node_modules/_swig-templates@2.0.3@swig-templates/lib/swig.js:651:16)
    at exports.Swig.compileFile (/Users/baojichao/Desktop/code/book/node_modules/_swig-templates@2.0.3@swig-templates/lib/swig.js:741:17)
    at Object.eval [as tpl] (eval at precompile (/Users/baojichao/Desktop/code/book/node_modules/_swig-templates@2.0.3@swig-templates/lib/swig.js:537:13), <anonymous>:11:18)
[2019-03-06T22:13:52.885] [ERROR] cheese - Error: Unexpected end of tag " for" on line 5 in file /Users/baojichao/Desktop/code/book/widgets/news/list.html.
    at Object.exports.throwError (/Users/baojichao/Desktop/code/book/node_modules/_swig-templates@2.0.3@swig-templates/lib/utils.js:188:9)
    at parseTag (/Users/baojichao/Desktop/code/book/node_modules/_swig-templates@2.0.3@swig-templates/lib/parser.js:659:15)
    at /Users/baojichao/Desktop/code/book/node_modules/_swig-templates@2.0.3@swig-templates/lib/parser.js:778:15
    at Object.exports.each (/Users/baojichao/Desktop/code/book/node_modules/_swig-templates@2.0.3@swig-templates/lib/utils.js:45:11)
    at Object.exports.parse (/Users/baojichao/Desktop/code/book/node_modules/_swig-templates@2.0.3@swig-templates/lib/parser.js:755:9)
    at exports.Swig.parse (/Users/baojichao/Desktop/code/book/node_modules/_swig-templates@2.0.3@swig-templates/lib/swig.js:383:19)
    at exports.Swig.precompile (/Users/baojichao/Desktop/code/book/node_modules/_swig-templates@2.0.3@swig-templates/lib/swig.js:526:23)
    at exports.Swig.compile (/Users/baojichao/Desktop/code/book/node_modules/_swig-templates@2.0.3@swig-templates/lib/swig.js:651:16)
    at exports.Swig.compileFile (/Users/baojichao/Desktop/code/book/node_modules/_swig-templates@2.0.3@swig-templates/lib/swig.js:741:17)
    at Object.eval [as tpl] (eval at precompile (/Users/baojichao/Desktop/code/book/node_modules/_swig-templates@2.0.3@swig-templates/lib/swig.js:537:13), <anonymous>:11:18)
[2019-03-06T22:13:53.072] [ERROR] cheese - Error: Unexpected end of tag " for" on line 5 in file /Users/baojichao/Desktop/code/book/widgets/news/list.html.
    at Object.exports.throwError (/Users/baojichao/Desktop/code/book/node_modules/_swig-templates@2.0.3@swig-templates/lib/utils.js:188:9)
    at parseTag (/Users/baojichao/Desktop/code/book/node_modules/_swig-templates@2.0.3@swig-templates/lib/parser.js:659:15)
    at /Users/baojichao/Desktop/code/book/node_modules/_swig-templates@2.0.3@swig-templates/lib/parser.js:778:15
    at Object.exports.each (/Users/baojichao/Desktop/code/book/node_modules/_swig-templates@2.0.3@swig-templates/lib/utils.js:45:11)
    at Object.exports.parse (/Users/baojichao/Desktop/code/book/node_modules/_swig-templates@2.0.3@swig-templates/lib/parser.js:755:9)
    at exports.Swig.parse (/Users/baojichao/Desktop/code/book/node_modules/_swig-templates@2.0.3@swig-templates/lib/swig.js:383:19)
    at exports.Swig.precompile (/Users/baojichao/Desktop/code/book/node_modules/_swig-templates@2.0.3@swig-templates/lib/swig.js:526:23)
    at exports.Swig.compile (/Users/baojichao/Desktop/code/book/node_modules/_swig-templates@2.0.3@swig-templates/lib/swig.js:651:16)
    at exports.Swig.compileFile (/Users/baojichao/Desktop/code/book/node_modules/_swig-templates@2.0.3@swig-templates/lib/swig.js:741:17)
    at Object.eval [as tpl] (eval at precompile (/Users/baojichao/Desktop/code/book/node_modules/_swig-templates@2.0.3@swig-templates/lib/swig.js:537:13), <anonymous>:11:18)
[2019-03-06T22:13:53.480] [ERROR] cheese - Error: Unexpected end of tag " for" on line 5 in file /Users/baojichao/Desktop/code/book/widgets/news/list.html.
    at Object.exports.throwError (/Users/baojichao/Desktop/code/book/node_modules/_swig-templates@2.0.3@swig-templates/lib/utils.js:188:9)
    at parseTag (/Users/baojichao/Desktop/code/book/node_modules/_swig-templates@2.0.3@swig-templates/lib/parser.js:659:15)
    at /Users/baojichao/Desktop/code/book/node_modules/_swig-templates@2.0.3@swig-templates/lib/parser.js:778:15
    at Object.exports.each (/Users/baojichao/Desktop/code/book/node_modules/_swig-templates@2.0.3@swig-templates/lib/utils.js:45:11)
    at Object.exports.parse (/Users/baojichao/Desktop/code/book/node_modules/_swig-templates@2.0.3@swig-templates/lib/parser.js:755:9)
    at exports.Swig.parse (/Users/baojichao/Desktop/code/book/node_modules/_swig-templates@2.0.3@swig-templates/lib/swig.js:383:19)
    at exports.Swig.precompile (/Users/baojichao/Desktop/code/book/node_modules/_swig-templates@2.0.3@swig-templates/lib/swig.js:526:23)
    at exports.Swig.compile (/Users/baojichao/Desktop/code/book/node_modules/_swig-templates@2.0.3@swig-templates/lib/swig.js:651:16)
    at exports.Swig.compileFile (/Users/baojichao/Desktop/code/book/node_modules/_swig-templates@2.0.3@swig-templates/lib/swig.js:741:17)
    at Object.eval [as tpl] (eval at precompile (/Users/baojichao/Desktop/code/book/node_modules/_swig-templates@2.0.3@swig-templates/lib/swig.js:537:13), <anonymous>:11:18)
[2019-03-06T22:14:01.163] [ERROR] cheese - Error: Unexpected end of tag " for" on line 5 in file /Users/baojichao/Desktop/code/book/widgets/news/list.html.
    at Object.exports.throwError (/Users/baojichao/Desktop/code/book/node_modules/_swig-templates@2.0.3@swig-templates/lib/utils.js:188:9)
    at parseTag (/Users/baojichao/Desktop/code/book/node_modules/_swig-templates@2.0.3@swig-templates/lib/parser.js:659:15)
    at /Users/baojichao/Desktop/code/book/node_modules/_swig-templates@2.0.3@swig-templates/lib/parser.js:778:15
    at Object.exports.each (/Users/baojichao/Desktop/code/book/node_modules/_swig-templates@2.0.3@swig-templates/lib/utils.js:45:11)
    at Object.exports.parse (/Users/baojichao/Desktop/code/book/node_modules/_swig-templates@2.0.3@swig-templates/lib/parser.js:755:9)
    at exports.Swig.parse (/Users/baojichao/Desktop/code/book/node_modules/_swig-templates@2.0.3@swig-templates/lib/swig.js:383:19)
    at exports.Swig.precompile (/Users/baojichao/Desktop/code/book/node_modules/_swig-templates@2.0.3@swig-templates/lib/swig.js:526:23)
    at exports.Swig.compile (/Users/baojichao/Desktop/code/book/node_modules/_swig-templates@2.0.3@swig-templates/lib/swig.js:651:16)
    at exports.Swig.compileFile (/Users/baojichao/Desktop/code/book/node_modules/_swig-templates@2.0.3@swig-templates/lib/swig.js:741:17)
    at Object.eval [as tpl] (eval at precompile (/Users/baojichao/Desktop/code/book/node_modules/_swig-templates@2.0.3@swig-templates/lib/swig.js:537:13), <anonymous>:11:18)
[2019-03-06T22:14:01.976] [ERROR] cheese - Error: Unexpected end of tag " for" on line 5 in file /Users/baojichao/Desktop/code/book/widgets/news/list.html.
    at Object.exports.throwError (/Users/baojichao/Desktop/code/book/node_modules/_swig-templates@2.0.3@swig-templates/lib/utils.js:188:9)
    at parseTag (/Users/baojichao/Desktop/code/book/node_modules/_swig-templates@2.0.3@swig-templates/lib/parser.js:659:15)
    at /Users/baojichao/Desktop/code/book/node_modules/_swig-templates@2.0.3@swig-templates/lib/parser.js:778:15
    at Object.exports.each (/Users/baojichao/Desktop/code/book/node_modules/_swig-templates@2.0.3@swig-templates/lib/utils.js:45:11)
    at Object.exports.parse (/Users/baojichao/Desktop/code/book/node_modules/_swig-templates@2.0.3@swig-templates/lib/parser.js:755:9)
    at exports.Swig.parse (/Users/baojichao/Desktop/code/book/node_modules/_swig-templates@2.0.3@swig-templates/lib/swig.js:383:19)
    at exports.Swig.precompile (/Users/baojichao/Desktop/code/book/node_modules/_swig-templates@2.0.3@swig-templates/lib/swig.js:526:23)
    at exports.Swig.compile (/Users/baojichao/Desktop/code/book/node_modules/_swig-templates@2.0.3@swig-templates/lib/swig.js:651:16)
    at exports.Swig.compileFile (/Users/baojichao/Desktop/code/book/node_modules/_swig-templates@2.0.3@swig-templates/lib/swig.js:741:17)
    at Object.eval [as tpl] (eval at precompile (/Users/baojichao/Desktop/code/book/node_modules/_swig-templates@2.0.3@swig-templates/lib/swig.js:537:13), <anonymous>:11:18)
[2019-03-06T22:14:02.663] [ERROR] cheese - Error: Unexpected end of tag " for" on line 5 in file /Users/baojichao/Desktop/code/book/widgets/news/list.html.
    at Object.exports.throwError (/Users/baojichao/Desktop/code/book/node_modules/_swig-templates@2.0.3@swig-templates/lib/utils.js:188:9)
    at parseTag (/Users/baojichao/Desktop/code/book/node_modules/_swig-templates@2.0.3@swig-templates/lib/parser.js:659:15)
    at /Users/baojichao/Desktop/code/book/node_modules/_swig-templates@2.0.3@swig-templates/lib/parser.js:778:15
    at Object.exports.each (/Users/baojichao/Desktop/code/book/node_modules/_swig-templates@2.0.3@swig-templates/lib/utils.js:45:11)
    at Object.exports.parse (/Users/baojichao/Desktop/code/book/node_modules/_swig-templates@2.0.3@swig-templates/lib/parser.js:755:9)
    at exports.Swig.parse (/Users/baojichao/Desktop/code/book/node_modules/_swig-templates@2.0.3@swig-templates/lib/swig.js:383:19)
    at exports.Swig.precompile (/Users/baojichao/Desktop/code/book/node_modules/_swig-templates@2.0.3@swig-templates/lib/swig.js:526:23)
    at exports.Swig.compile (/Users/baojichao/Desktop/code/book/node_modules/_swig-templates@2.0.3@swig-templates/lib/swig.js:651:16)
    at exports.Swig.compileFile (/Users/baojichao/Desktop/code/book/node_modules/_swig-templates@2.0.3@swig-templates/lib/swig.js:741:17)
    at Object.eval [as tpl] (eval at precompile (/Users/baojichao/Desktop/code/book/node_modules/_swig-templates@2.0.3@swig-templates/lib/swig.js:537:13), <anonymous>:11:18)
[2019-03-06T22:14:03.396] [ERROR] cheese - Error: Unexpected end of tag " for" on line 5 in file /Users/baojichao/Desktop/code/book/widgets/news/list.html.
    at Object.exports.throwError (/Users/baojichao/Desktop/code/book/node_modules/_swig-templates@2.0.3@swig-templates/lib/utils.js:188:9)
    at parseTag (/Users/baojichao/Desktop/code/book/node_modules/_swig-templates@2.0.3@swig-templates/lib/parser.js:659:15)
    at /Users/baojichao/Desktop/code/book/node_modules/_swig-templates@2.0.3@swig-templates/lib/parser.js:778:15
    at Object.exports.each (/Users/baojichao/Desktop/code/book/node_modules/_swig-templates@2.0.3@swig-templates/lib/utils.js:45:11)
    at Object.exports.parse (/Users/baojichao/Desktop/code/book/node_modules/_swig-templates@2.0.3@swig-templates/lib/parser.js:755:9)
    at exports.Swig.parse (/Users/baojichao/Desktop/code/book/node_modules/_swig-templates@2.0.3@swig-templates/lib/swig.js:383:19)
    at exports.Swig.precompile (/Users/baojichao/Desktop/code/book/node_modules/_swig-templates@2.0.3@swig-templates/lib/swig.js:526:23)
    at exports.Swig.compile (/Users/baojichao/Desktop/code/book/node_modules/_swig-templates@2.0.3@swig-templates/lib/swig.js:651:16)
    at exports.Swig.compileFile (/Users/baojichao/Desktop/code/book/node_modules/_swig-templates@2.0.3@swig-templates/lib/swig.js:741:17)
    at Object.eval [as tpl] (eval at precompile (/Users/baojichao/Desktop/code/book/node_modules/_swig-templates@2.0.3@swig-templates/lib/swig.js:537:13), <anonymous>:11:18)
[2019-03-06T22:15:30.012] [ERROR] cheese - Error: Unexpected end of tag " for" on line 5 in file /Users/baojichao/Desktop/code/book/widgets/news/list.html.
    at Object.exports.throwError (/Users/baojichao/Desktop/code/book/node_modules/_swig-templates@2.0.3@swig-templates/lib/utils.js:188:9)
    at parseTag (/Users/baojichao/Desktop/code/book/node_modules/_swig-templates@2.0.3@swig-templates/lib/parser.js:659:15)
    at /Users/baojichao/Desktop/code/book/node_modules/_swig-templates@2.0.3@swig-templates/lib/parser.js:778:15
    at Object.exports.each (/Users/baojichao/Desktop/code/book/node_modules/_swig-templates@2.0.3@swig-templates/lib/utils.js:45:11)
    at Object.exports.parse (/Users/baojichao/Desktop/code/book/node_modules/_swig-templates@2.0.3@swig-templates/lib/parser.js:755:9)
    at exports.Swig.parse (/Users/baojichao/Desktop/code/book/node_modules/_swig-templates@2.0.3@swig-templates/lib/swig.js:383:19)
    at exports.Swig.precompile (/Users/baojichao/Desktop/code/book/node_modules/_swig-templates@2.0.3@swig-templates/lib/swig.js:526:23)
    at exports.Swig.compile (/Users/baojichao/Desktop/code/book/node_modules/_swig-templates@2.0.3@swig-templates/lib/swig.js:651:16)
    at exports.Swig.compileFile (/Users/baojichao/Desktop/code/book/node_modules/_swig-templates@2.0.3@swig-templates/lib/swig.js:741:17)
    at Object.eval [as tpl] (eval at precompile (/Users/baojichao/Desktop/code/book/node_modules/_swig-templates@2.0.3@swig-templates/lib/swig.js:537:13), <anonymous>:11:18)
[2019-03-06T22:15:30.687] [ERROR] cheese - Error: Unexpected end of tag " for" on line 5 in file /Users/baojichao/Desktop/code/book/widgets/news/list.html.
    at Object.exports.throwError (/Users/baojichao/Desktop/code/book/node_modules/_swig-templates@2.0.3@swig-templates/lib/utils.js:188:9)
    at parseTag (/Users/baojichao/Desktop/code/book/node_modules/_swig-templates@2.0.3@swig-templates/lib/parser.js:659:15)
    at /Users/baojichao/Desktop/code/book/node_modules/_swig-templates@2.0.3@swig-templates/lib/parser.js:778:15
    at Object.exports.each (/Users/baojichao/Desktop/code/book/node_modules/_swig-templates@2.0.3@swig-templates/lib/utils.js:45:11)
    at Object.exports.parse (/Users/baojichao/Desktop/code/book/node_modules/_swig-templates@2.0.3@swig-templates/lib/parser.js:755:9)
    at exports.Swig.parse (/Users/baojichao/Desktop/code/book/node_modules/_swig-templates@2.0.3@swig-templates/lib/swig.js:383:19)
    at exports.Swig.precompile (/Users/baojichao/Desktop/code/book/node_modules/_swig-templates@2.0.3@swig-templates/lib/swig.js:526:23)
    at exports.Swig.compile (/Users/baojichao/Desktop/code/book/node_modules/_swig-templates@2.0.3@swig-templates/lib/swig.js:651:16)
    at exports.Swig.compileFile (/Users/baojichao/Desktop/code/book/node_modules/_swig-templates@2.0.3@swig-templates/lib/swig.js:741:17)
    at Object.eval [as tpl] (eval at precompile (/Users/baojichao/Desktop/code/book/node_modules/_swig-templates@2.0.3@swig-templates/lib/swig.js:537:13), <anonymous>:11:18)
[2019-03-06T22:16:16.059] [ERROR] cheese - Error: Unexpected end of tag " for" on line 5 in file /Users/baojichao/Desktop/code/book/widgets/news/list.html.
    at Object.exports.throwError (/Users/baojichao/Desktop/code/book/node_modules/_swig-templates@2.0.3@swig-templates/lib/utils.js:188:9)
    at parseTag (/Users/baojichao/Desktop/code/book/node_modules/_swig-templates@2.0.3@swig-templates/lib/parser.js:659:15)
    at /Users/baojichao/Desktop/code/book/node_modules/_swig-templates@2.0.3@swig-templates/lib/parser.js:778:15
    at Object.exports.each (/Users/baojichao/Desktop/code/book/node_modules/_swig-templates@2.0.3@swig-templates/lib/utils.js:45:11)
    at Object.exports.parse (/Users/baojichao/Desktop/code/book/node_modules/_swig-templates@2.0.3@swig-templates/lib/parser.js:755:9)
    at exports.Swig.parse (/Users/baojichao/Desktop/code/book/node_modules/_swig-templates@2.0.3@swig-templates/lib/swig.js:383:19)
    at exports.Swig.precompile (/Users/baojichao/Desktop/code/book/node_modules/_swig-templates@2.0.3@swig-templates/lib/swig.js:526:23)
    at exports.Swig.compile (/Users/baojichao/Desktop/code/book/node_modules/_swig-templates@2.0.3@swig-templates/lib/swig.js:651:16)
    at exports.Swig.compileFile (/Users/baojichao/Desktop/code/book/node_modules/_swig-templates@2.0.3@swig-templates/lib/swig.js:741:17)
    at Object.eval [as tpl] (eval at precompile (/Users/baojichao/Desktop/code/book/node_modules/_swig-templates@2.0.3@swig-templates/lib/swig.js:537:13), <anonymous>:11:18)
[2019-03-06T22:16:16.793] [ERROR] cheese - Error: Unexpected end of tag " for" on line 5 in file /Users/baojichao/Desktop/code/book/widgets/news/list.html.
    at Object.exports.throwError (/Users/baojichao/Desktop/code/book/node_modules/_swig-templates@2.0.3@swig-templates/lib/utils.js:188:9)
    at parseTag (/Users/baojichao/Desktop/code/book/node_modules/_swig-templates@2.0.3@swig-templates/lib/parser.js:659:15)
    at /Users/baojichao/Desktop/code/book/node_modules/_swig-templates@2.0.3@swig-templates/lib/parser.js:778:15
    at Object.exports.each (/Users/baojichao/Desktop/code/book/node_modules/_swig-templates@2.0.3@swig-templates/lib/utils.js:45:11)
    at Object.exports.parse (/Users/baojichao/Desktop/code/book/node_modules/_swig-templates@2.0.3@swig-templates/lib/parser.js:755:9)
    at exports.Swig.parse (/Users/baojichao/Desktop/code/book/node_modules/_swig-templates@2.0.3@swig-templates/lib/swig.js:383:19)
    at exports.Swig.precompile (/Users/baojichao/Desktop/code/book/node_modules/_swig-templates@2.0.3@swig-templates/lib/swig.js:526:23)
    at exports.Swig.compile (/Users/baojichao/Desktop/code/book/node_modules/_swig-templates@2.0.3@swig-templates/lib/swig.js:651:16)
    at exports.Swig.compileFile (/Users/baojichao/Desktop/code/book/node_modules/_swig-templates@2.0.3@swig-templates/lib/swig.js:741:17)
    at Object.eval [as tpl] (eval at precompile (/Users/baojichao/Desktop/code/book/node_modules/_swig-templates@2.0.3@swig-templates/lib/swig.js:537:13), <anonymous>:11:18)
[2019-03-06T22:16:38.958] [ERROR] cheese - Error: Unexpected end of tag " for" on line 5 in file /Users/baojichao/Desktop/code/book/widgets/news/list.html.
    at Object.exports.throwError (/Users/baojichao/Desktop/code/book/node_modules/_swig-templates@2.0.3@swig-templates/lib/utils.js:188:9)
    at parseTag (/Users/baojichao/Desktop/code/book/node_modules/_swig-templates@2.0.3@swig-templates/lib/parser.js:659:15)
    at /Users/baojichao/Desktop/code/book/node_modules/_swig-templates@2.0.3@swig-templates/lib/parser.js:778:15
    at Object.exports.each (/Users/baojichao/Desktop/code/book/node_modules/_swig-templates@2.0.3@swig-templates/lib/utils.js:45:11)
    at Object.exports.parse (/Users/baojichao/Desktop/code/book/node_modules/_swig-templates@2.0.3@swig-templates/lib/parser.js:755:9)
    at exports.Swig.parse (/Users/baojichao/Desktop/code/book/node_modules/_swig-templates@2.0.3@swig-templates/lib/swig.js:383:19)
    at exports.Swig.precompile (/Users/baojichao/Desktop/code/book/node_modules/_swig-templates@2.0.3@swig-templates/lib/swig.js:526:23)
    at exports.Swig.compile (/Users/baojichao/Desktop/code/book/node_modules/_swig-templates@2.0.3@swig-templates/lib/swig.js:651:16)
    at exports.Swig.compileFile (/Users/baojichao/Desktop/code/book/node_modules/_swig-templates@2.0.3@swig-templates/lib/swig.js:741:17)
    at Object.eval [as tpl] (eval at precompile (/Users/baojichao/Desktop/code/book/node_modules/_swig-templates@2.0.3@swig-templates/lib/swig.js:537:13), <anonymous>:11:18)
[2019-03-06T22:16:57.635] [ERROR] cheese - Error: Unexpected end of tag " for" on line 5 in file /Users/baojichao/Desktop/code/book/widgets/news/list.html.
    at Object.exports.throwError (/Users/baojichao/Desktop/code/book/node_modules/_swig-templates@2.0.3@swig-templates/lib/utils.js:188:9)
    at parseTag (/Users/baojichao/Desktop/code/book/node_modules/_swig-templates@2.0.3@swig-templates/lib/parser.js:659:15)
    at /Users/baojichao/Desktop/code/book/node_modules/_swig-templates@2.0.3@swig-templates/lib/parser.js:778:15
    at Object.exports.each (/Users/baojichao/Desktop/code/book/node_modules/_swig-templates@2.0.3@swig-templates/lib/utils.js:45:11)
    at Object.exports.parse (/Users/baojichao/Desktop/code/book/node_modules/_swig-templates@2.0.3@swig-templates/lib/parser.js:755:9)
    at exports.Swig.parse (/Users/baojichao/Desktop/code/book/node_modules/_swig-templates@2.0.3@swig-templates/lib/swig.js:383:19)
    at exports.Swig.precompile (/Users/baojichao/Desktop/code/book/node_modules/_swig-templates@2.0.3@swig-templates/lib/swig.js:526:23)
    at exports.Swig.compile (/Users/baojichao/Desktop/code/book/node_modules/_swig-templates@2.0.3@swig-templates/lib/swig.js:651:16)
    at exports.Swig.compileFile (/Users/baojichao/Desktop/code/book/node_modules/_swig-templates@2.0.3@swig-templates/lib/swig.js:741:17)
    at Object.eval [as tpl] (eval at precompile (/Users/baojichao/Desktop/code/book/node_modules/_swig-templates@2.0.3@swig-templates/lib/swig.js:537:13), <anonymous>:11:18)
[2019-03-07T00:48:53.403] [ERROR] cheese - { Error: ENOENT: no such file or directory, open '/Users/baojichao/Desktop/code/book/components/news/navigation.html'
    at Object.openSync (fs.js:439:3)
    at Object.readFileSync (fs.js:344:35)
    at Object.ret.load (/Users/baojichao/Desktop/code/book/node_modules/_swig-templates@2.0.3@swig-templates/lib/loaders/filesystem.js:59:15)
    at exports.Swig.compileFile (/Users/baojichao/Desktop/code/book/node_modules/_swig-templates@2.0.3@swig-templates/lib/swig.js:740:31)
    at Object.eval [as tpl] (eval at precompile (/Users/baojichao/Desktop/code/book/node_modules/_swig-templates@2.0.3@swig-templates/lib/swig.js:537:13), <anonymous>:10:18)
    at compiled (/Users/baojichao/Desktop/code/book/node_modules/_swig-templates@2.0.3@swig-templates/lib/swig.js:664:18)
    at /Users/baojichao/Desktop/code/book/node_modules/_swig-templates@2.0.3@swig-templates/lib/swig.js:604:20
    at /Users/baojichao/Desktop/code/book/node_modules/_swig-templates@2.0.3@swig-templates/lib/swig.js:735:9
    at FSReqWrap.readFileAfterClose [as oncomplete] (internal/fs/read_file_context.js:53:3)
  errno: -2,
  syscall: 'open',
  code: 'ENOENT',
  path:
   '/Users/baojichao/Desktop/code/book/components/news/navigation.html' }
